#
# There is insufficient memory for the Java Runtime Environment to continue.
# Native memory allocation (malloc) failed to allocate 2027440 bytes for Chunk::new
# Possible reasons:
#   The system is out of physical RAM or swap space
#   In 32 bit mode, the process size limit was hit
# Possible solutions:
#   Reduce memory load on the system
#   Increase physical memory or swap space
#   Check if swap backing store is full
#   Use 64 bit Java on a 64 bit OS
#   Decrease Java heap size (-Xmx/-Xms)
#   Decrease number of Java threads
#   Decrease Java thread stack sizes (-Xss)
#   Set larger code cache with -XX:ReservedCodeCacheSize=
# This output file may be truncated or incomplete.
#
#  Out of Memory Error (allocation.cpp:390), pid=4412, tid=0x0000000000002388
#
# JRE version: OpenJDK Runtime Environment (8.0_152-b02) (build 1.8.0_152-release-1024-b02)
# Java VM: OpenJDK 64-Bit Server VM (25.152-b02 mixed mode windows-amd64 compressed oops)
# Failed to write core dump. Minidumps are not enabled by default on client versions of Windows
#

---------------  T H R E A D  ---------------

Current thread (0x00000000161ce800):  JavaThread "C2 CompilerThread1" daemon [_thread_in_native, id=9096, stack(0x0000000017900000,0x0000000017a00000)]

Stack: [0x0000000017900000,0x0000000017a00000]
[error occurred during error reporting (printing stack bounds), id 0xc0000005]

Native frames: (J=compiled Java code, j=interpreted, Vv=VM code, C=native code)


Current CompileTask:
C2:  11429 5818   !   4       java.net.URLClassLoader$1::run (63 bytes)


---------------  P R O C E S S  ---------------

Java Threads: ( => current thread )
  0x000000001e295000 JavaThread "Task worker for ':' Thread 3" [_thread_blocked, id=8480, stack(0x0000000021b90000,0x0000000021c90000)]
  0x000000001e297000 JavaThread "Task worker for ':' Thread 2" [_thread_blocked, id=6628, stack(0x0000000021a90000,0x0000000021b90000)]
  0x000000001e293800 JavaThread "Task worker for ':'" [_thread_blocked, id=8652, stack(0x0000000021990000,0x0000000021a90000)]
  0x000000001e296800 JavaThread "Cache worker for Build Output Cleanup Cache (C:\Users\Administrator\AndroidStudioProjects\Parking\.gradle\buildOutputCleanup)" [_thread_blocked, id=7252, stack(0x0000000021890000,0x0000000021990000)]
  0x000000001e295800 JavaThread "Cache worker for task history cache (C:\Users\Administrator\AndroidStudioProjects\Parking\.gradle\4.4\taskHistory)" [_thread_blocked, id=4136, stack(0x0000000021510000,0x0000000021610000)]
  0x000000001e292800 JavaThread "Cache worker for file content cache (C:\Users\Administrator\AndroidStudioProjects\Parking\.gradle\4.4\fileContent)" [_thread_blocked, id=6808, stack(0x0000000021410000,0x0000000021510000)]
  0x000000001e290800 JavaThread "Memory manager" [_thread_blocked, id=6892, stack(0x00000000206b0000,0x00000000207b0000)]
  0x000000001883c800 JavaThread "build operations Thread 4" [_thread_blocked, id=8332, stack(0x000000001ffb0000,0x00000000200b0000)]
  0x000000001883c000 JavaThread "build operations Thread 3" [_thread_blocked, id=8240, stack(0x000000001feb0000,0x000000001ffb0000)]
  0x0000000018838000 JavaThread "build operations Thread 2" [_thread_blocked, id=5236, stack(0x000000001fdb0000,0x000000001feb0000)]
  0x000000001883b000 JavaThread "build operations" [_thread_blocked, id=3260, stack(0x000000001e2f0000,0x000000001e3f0000)]
  0x0000000018837800 JavaThread "Cache worker for Artifact transforms cache (C:\Users\Administrator\.gradle\caches\transforms-1)" [_thread_blocked, id=7828, stack(0x000000001cf40000,0x000000001d040000)]
  0x00000000192aa800 JavaThread "Cache worker for file hash cache (C:\Users\Administrator\AndroidStudioProjects\Parking\.gradle\4.4\fileHashes)" [_thread_blocked, id=156, stack(0x000000001bc70000,0x000000001bd70000)]
  0x00000000191d0800 JavaThread "File lock request listener" [_thread_in_native, id=7312, stack(0x000000001aba0000,0x000000001aca0000)]
  0x0000000019254800 JavaThread "Cache worker for file hash cache (C:\Users\Administrator\.gradle\caches\4.4\fileHashes)" [_thread_blocked, id=5620, stack(0x000000001aaa0000,0x000000001aba0000)]
  0x00000000191d0000 JavaThread "Stdin handler" [_thread_blocked, id=1904, stack(0x000000001a7a0000,0x000000001a8a0000)]
  0x00000000191cc000 JavaThread "Asynchronous log dispatcher for DefaultDaemonConnection: socket connection from /127.0.0.1:51190 to /127.0.0.1:51191" [_thread_blocked, id=8280, stack(0x000000001a6a0000,0x000000001a7a0000)]
  0x00000000191be800 JavaThread "Daemon worker" [_thread_in_vm, id=8620, stack(0x000000001a5a0000,0x000000001a6a0000)]
  0x00000000191bb800 JavaThread "Cancel handler" [_thread_blocked, id=8624, stack(0x000000001a4a0000,0x000000001a5a0000)]
  0x000000001915e800 JavaThread "Handler for socket connection from /127.0.0.1:51190 to /127.0.0.1:51191" [_thread_in_native, id=9072, stack(0x000000001a1a0000,0x000000001a2a0000)]
  0x000000001915d800 JavaThread "Daemon" [_thread_blocked, id=8644, stack(0x000000001a0a0000,0x000000001a1a0000)]
  0x00000000190cf000 JavaThread "Daemon periodic checks" [_thread_blocked, id=8632, stack(0x0000000019fa0000,0x000000001a0a0000)]
  0x00000000190bd000 JavaThread "Incoming local TCP Connector on port 51190" [_thread_in_native, id=9212, stack(0x0000000019db0000,0x0000000019eb0000)]
  0x000000001622d000 JavaThread "Service Thread" daemon [_thread_blocked, id=8244, stack(0x0000000017f00000,0x0000000018000000)]
  0x00000000161da000 JavaThread "C1 CompilerThread2" daemon [_thread_blocked, id=9088, stack(0x0000000017a00000,0x0000000017b00000)]
=>0x00000000161ce800 JavaThread "C2 CompilerThread1" daemon [_thread_in_native, id=9096, stack(0x0000000017900000,0x0000000017a00000)]
  0x00000000161ca000 JavaThread "C2 CompilerThread0" daemon [_thread_in_native, id=4024, stack(0x0000000017800000,0x0000000017900000)]
  0x00000000161c8800 JavaThread "Attach Listener" daemon [_thread_blocked, id=6024, stack(0x0000000017700000,0x0000000017800000)]
  0x00000000161d7000 JavaThread "Signal Dispatcher" daemon [_thread_blocked, id=9204, stack(0x0000000017600000,0x0000000017700000)]
  0x000000000285b800 JavaThread "Finalizer" daemon [_thread_blocked, id=9004, stack(0x0000000017420000,0x0000000017520000)]
  0x0000000002852000 JavaThread "Reference Handler" daemon [_thread_blocked, id=8288, stack(0x0000000017320000,0x0000000017420000)]
  0x00000000025de000 JavaThread "main" [_thread_blocked, id=5792, stack(0x0000000002660000,0x0000000002760000)]

Other Threads:
  0x0000000016195800 VMThread [stack: 0x0000000017220000,0x0000000017320000] [id=6880]
  0x000000001622d800 WatcherThread [stack: 0x0000000018000000,0x0000000018100000] [id=2156]

VM state:not at safepoint (normal execution)

VM Mutex/Monitor currently owned by a thread: None

Heap:
 PSYoungGen      total 178176K, used 21430K [0x00000000e0000000, 0x00000000f0080000, 0x0000000100000000)
  eden space 162816K, 3% used [0x00000000e0000000,0x00000000e05f2448,0x00000000e9f00000)
  from space 15360K, 99% used [0x00000000e9f00000,0x00000000eadfb520,0x00000000eae00000)
  to   space 22528K, 0% used [0x00000000eea80000,0x00000000eea80000,0x00000000f0080000)
 ParOldGen       total 91136K, used 33745K [0x00000000a0000000, 0x00000000a5900000, 0x00000000e0000000)
  object space 91136K, 37% used [0x00000000a0000000,0x00000000a20f4460,0x00000000a5900000)
 Metaspace       used 55679K, capacity 57562K, committed 57856K, reserved 1099776K
  class space    used 7663K, capacity 8168K, committed 8192K, reserved 1048576K

Card table byte_map: [0x0000000011c20000,0x0000000011f30000] byte_map_base: 0x0000000011720000

Marking Bits: (ParMarkBitMap*) 0x0000000062d64970
 Begin Bits: [0x0000000012530000, 0x0000000013d30000)
 End Bits:   [0x0000000013d30000, 0x0000000015530000)

Polling page: 0x0000000000be0000

CodeCache: size=245760Kb used=19190Kb max_used=19193Kb free=226570Kb
 bounds [0x0000000002860000, 0x0000000003b30000, 0x0000000011860000]
 total_blobs=6228 nmethods=5439 adapters=702
 compilation: enabled

Compilation events (10 events):
Event: 11.417 Thread 0x00000000161ca000 nmethod 5848 0x0000000003b28850 code [0x0000000003b289e0, 0x0000000003b29158]
Event: 11.417 Thread 0x00000000161ca000 5847       4       java.lang.Character::isWhitespace (5 bytes)
Event: 11.418 Thread 0x00000000161ca000 nmethod 5847 0x0000000003b27290 code [0x0000000003b274c0, 0x0000000003b27698]
Event: 11.418 Thread 0x00000000161ca000 5871 %     4       java.math.BigInteger::multiplyToLen @ 47 (216 bytes)
Event: 11.425 Thread 0x00000000161da000 5873       3       java.security.Provider$Service::addAlias (36 bytes)
Event: 11.425 Thread 0x00000000161da000 nmethod 5873 0x0000000003b28190 code [0x0000000003b28320, 0x0000000003b28708]
Event: 11.425 Thread 0x00000000161da000 5874       3       java.security.Provider$Service::access$000 (5 bytes)
Event: 11.425 Thread 0x00000000161da000 nmethod 5874 0x0000000003b27cd0 code [0x0000000003b27e40, 0x0000000003b280b0]
Event: 11.426 Thread 0x00000000161da000 5875       3       java.security.Provider$Service::isValid (27 bytes)
Event: 11.426 Thread 0x00000000161da000 nmethod 5875 0x0000000003b26e90 code [0x0000000003b26fe0, 0x0000000003b27210]

GC Heap History (10 events):
Event: 3.179 GC heap before
{Heap before GC invocations=7 (full 1):
 PSYoungGen      total 71680K, used 66560K [0x00000000e0000000, 0x00000000e9600000, 0x0000000100000000)
  eden space 66560K, 100% used [0x00000000e0000000,0x00000000e4100000,0x00000000e4100000)
  from space 5120K, 0% used [0x00000000e4100000,0x00000000e4100000,0x00000000e4600000)
  to   space 10240K, 0% used [0x00000000e8c00000,0x00000000e8c00000,0x00000000e9600000)
 ParOldGen       total 58880K, used 8094K [0x00000000a0000000, 0x00000000a3980000, 0x00000000e0000000)
  object space 58880K, 13% used [0x00000000a0000000,0x00000000a07e7ac8,0x00000000a3980000)
 Metaspace       used 26493K, capacity 26992K, committed 27136K, reserved 1073152K
  class space    used 3655K, capacity 3829K, committed 3840K, reserved 1048576K
Event: 3.198 GC heap after
Heap after GC invocations=7 (full 1):
 PSYoungGen      total 114176K, used 7069K [0x00000000e0000000, 0x00000000e9300000, 0x0000000100000000)
  eden space 107008K, 0% used [0x00000000e0000000,0x00000000e0000000,0x00000000e6880000)
  from space 7168K, 98% used [0x00000000e8c00000,0x00000000e92e7480,0x00000000e9300000)
  to   space 9728K, 0% used [0x00000000e8000000,0x00000000e8000000,0x00000000e8980000)
 ParOldGen       total 58880K, used 8102K [0x00000000a0000000, 0x00000000a3980000, 0x00000000e0000000)
  object space 58880K, 13% used [0x00000000a0000000,0x00000000a07e9ac8,0x00000000a3980000)
 Metaspace       used 26493K, capacity 26992K, committed 27136K, reserved 1073152K
  class space    used 3655K, capacity 3829K, committed 3840K, reserved 1048576K
}
Event: 7.127 GC heap before
{Heap before GC invocations=8 (full 1):
 PSYoungGen      total 114176K, used 96893K [0x00000000e0000000, 0x00000000e9300000, 0x0000000100000000)
  eden space 107008K, 83% used [0x00000000e0000000,0x00000000e57b8238,0x00000000e6880000)
  from space 7168K, 98% used [0x00000000e8c00000,0x00000000e92e7480,0x00000000e9300000)
  to   space 9728K, 0% used [0x00000000e8000000,0x00000000e8000000,0x00000000e8980000)
 ParOldGen       total 58880K, used 8102K [0x00000000a0000000, 0x00000000a3980000, 0x00000000e0000000)
  object space 58880K, 13% used [0x00000000a0000000,0x00000000a07e9ac8,0x00000000a3980000)
 Metaspace       used 34599K, capacity 35342K, committed 35416K, reserved 1079296K
  class space    used 4780K, capacity 5063K, committed 5120K, reserved 1048576K
Event: 7.139 GC heap after
Heap after GC invocations=8 (full 1):
 PSYoungGen      total 140800K, used 9721K [0x00000000e0000000, 0x00000000eba80000, 0x0000000100000000)
  eden space 131072K, 0% used [0x00000000e0000000,0x00000000e0000000,0x00000000e8000000)
  from space 9728K, 99% used [0x00000000e8000000,0x00000000e897e730,0x00000000e8980000)
  to   space 12800K, 0% used [0x00000000eae00000,0x00000000eae00000,0x00000000eba80000)
 ParOldGen       total 58880K, used 11382K [0x00000000a0000000, 0x00000000a3980000, 0x00000000e0000000)
  object space 58880K, 19% used [0x00000000a0000000,0x00000000a0b1d820,0x00000000a3980000)
 Metaspace       used 34599K, capacity 35342K, committed 35416K, reserved 1079296K
  class space    used 4780K, capacity 5063K, committed 5120K, reserved 1048576K
}
Event: 7.139 GC heap before
{Heap before GC invocations=9 (full 2):
 PSYoungGen      total 140800K, used 9721K [0x00000000e0000000, 0x00000000eba80000, 0x0000000100000000)
  eden space 131072K, 0% used [0x00000000e0000000,0x00000000e0000000,0x00000000e8000000)
  from space 9728K, 99% used [0x00000000e8000000,0x00000000e897e730,0x00000000e8980000)
  to   space 12800K, 0% used [0x00000000eae00000,0x00000000eae00000,0x00000000eba80000)
 ParOldGen       total 58880K, used 11382K [0x00000000a0000000, 0x00000000a3980000, 0x00000000e0000000)
  object space 58880K, 19% used [0x00000000a0000000,0x00000000a0b1d820,0x00000000a3980000)
 Metaspace       used 34599K, capacity 35342K, committed 35416K, reserved 1079296K
  class space    used 4780K, capacity 5063K, committed 5120K, reserved 1048576K
Event: 7.188 GC heap after
Heap after GC invocations=9 (full 2):
 PSYoungGen      total 140800K, used 0K [0x00000000e0000000, 0x00000000eba80000, 0x0000000100000000)
  eden space 131072K, 0% used [0x00000000e0000000,0x00000000e0000000,0x00000000e8000000)
  from space 9728K, 0% used [0x00000000e8000000,0x00000000e8000000,0x00000000e8980000)
  to   space 12800K, 0% used [0x00000000eae00000,0x00000000eae00000,0x00000000eba80000)
 ParOldGen       total 91136K, used 19410K [0x00000000a0000000, 0x00000000a5900000, 0x00000000e0000000)
  object space 91136K, 21% used [0x00000000a0000000,0x00000000a12f4868,0x00000000a5900000)
 Metaspace       used 34599K, capacity 35342K, committed 35416K, reserved 1079296K
  class space    used 4780K, capacity 5063K, committed 5120K, reserved 1048576K
}
Event: 8.949 GC heap before
{Heap before GC invocations=10 (full 2):
 PSYoungGen      total 140800K, used 131072K [0x00000000e0000000, 0x00000000eba80000, 0x0000000100000000)
  eden space 131072K, 100% used [0x00000000e0000000,0x00000000e8000000,0x00000000e8000000)
  from space 9728K, 0% used [0x00000000e8000000,0x00000000e8000000,0x00000000e8980000)
  to   space 12800K, 0% used [0x00000000eae00000,0x00000000eae00000,0x00000000eba80000)
 ParOldGen       total 91136K, used 19410K [0x00000000a0000000, 0x00000000a5900000, 0x00000000e0000000)
  object space 91136K, 21% used [0x00000000a0000000,0x00000000a12f4868,0x00000000a5900000)
 Metaspace       used 41741K, capacity 42806K, committed 43008K, reserved 1085440K
  class space    used 5727K, capacity 6057K, committed 6144K, reserved 1048576K
Event: 8.970 GC heap after
Heap after GC invocations=10 (full 2):
 PSYoungGen      total 175616K, used 12777K [0x00000000e0000000, 0x00000000ee580000, 0x0000000100000000)
  eden space 162816K, 0% used [0x00000000e0000000,0x00000000e0000000,0x00000000e9f00000)
  from space 12800K, 99% used [0x00000000eae00000,0x00000000eba7a680,0x00000000eba80000)
  to   space 15360K, 0% used [0x00000000e9f00000,0x00000000e9f00000,0x00000000eae00000)
 ParOldGen       total 91136K, used 21371K [0x00000000a0000000, 0x00000000a5900000, 0x00000000e0000000)
  object space 91136K, 23% used [0x00000000a0000000,0x00000000a14def58,0x00000000a5900000)
 Metaspace       used 41741K, capacity 42806K, committed 43008K, reserved 1085440K
  class space    used 5727K, capacity 6057K, committed 6144K, reserved 1048576K
}
Event: 11.172 GC heap before
{Heap before GC invocations=11 (full 2):
 PSYoungGen      total 175616K, used 175593K [0x00000000e0000000, 0x00000000ee580000, 0x0000000100000000)
  eden space 162816K, 100% used [0x00000000e0000000,0x00000000e9f00000,0x00000000e9f00000)
  from space 12800K, 99% used [0x00000000eae00000,0x00000000eba7a680,0x00000000eba80000)
  to   space 15360K, 0% used [0x00000000e9f00000,0x00000000e9f00000,0x00000000eae00000)
 ParOldGen       total 91136K, used 21371K [0x00000000a0000000, 0x00000000a5900000, 0x00000000e0000000)
  object space 91136K, 23% used [0x00000000a0000000,0x00000000a14def58,0x00000000a5900000)
 Metaspace       used 54629K, capacity 56552K, committed 56832K, reserved 1097728K
  class space    used 7554K, capacity 8069K, committed 8192K, reserved 1048576K
Event: 11.207 GC heap after
Heap after GC invocations=11 (full 2):
 PSYoungGen      total 178176K, used 15341K [0x00000000e0000000, 0x00000000f0080000, 0x0000000100000000)
  eden space 162816K, 0% used [0x00000000e0000000,0x00000000e0000000,0x00000000e9f00000)
  from space 15360K, 99% used [0x00000000e9f00000,0x00000000eadfb520,0x00000000eae00000)
  to   space 22528K, 0% used [0x00000000eea80000,0x00000000eea80000,0x00000000f0080000)
 ParOldGen       total 91136K, used 33745K [0x00000000a0000000, 0x00000000a5900000, 0x00000000e0000000)
  object space 91136K, 37% used [0x00000000a0000000,0x00000000a20f4460,0x00000000a5900000)
 Metaspace       used 54629K, capacity 56552K, committed 56832K, reserved 1097728K
  class space    used 7554K, capacity 8069K, committed 8192K, reserved 1048576K
}

Deoptimization events (10 events):
Event: 10.708 Thread 0x00000000191be800 Uncommon trap: reason=bimorphic action=maybe_recompile pc=0x0000000003343a08 method=java.util.Arrays.binarySearch0([Ljava/lang/Object;IILjava/lang/Object;Ljava/util/Comparator;)I @ 48
Event: 10.708 Thread 0x00000000191be800 Uncommon trap: reason=bimorphic action=maybe_recompile pc=0x0000000003343a08 method=java.util.Arrays.binarySearch0([Ljava/lang/Object;IILjava/lang/Object;Ljava/util/Comparator;)I @ 48
Event: 10.708 Thread 0x00000000191be800 Uncommon trap: reason=bimorphic action=maybe_recompile pc=0x0000000003343a08 method=java.util.Arrays.binarySearch0([Ljava/lang/Object;IILjava/lang/Object;Ljava/util/Comparator;)I @ 48
Event: 10.723 Thread 0x00000000191be800 Uncommon trap: reason=unstable_if action=reinterpret pc=0x0000000002e202b8 method=java.lang.AbstractStringBuilder.append(Ljava/lang/String;)Ljava/lang/AbstractStringBuilder; @ 1
Event: 10.906 Thread 0x00000000190cf000 Uncommon trap: reason=speculate_class_check action=maybe_recompile pc=0x0000000002a0ab58 method=java.util.AbstractList.listIterator()Ljava/util/ListIterator; @ 2
Event: 10.927 Thread 0x00000000191be800 Uncommon trap: reason=unstable_if action=reinterpret pc=0x0000000002c46cb0 method=java.lang.String.regionMatches(ZILjava/lang/String;II)Z @ 123
Event: 10.929 Thread 0x00000000191be800 Uncommon trap: reason=null_check action=make_not_entrant pc=0x00000000030d0df4 method=java.net.URL.getURLStreamHandler(Ljava/lang/String;)Ljava/net/URLStreamHandler; @ 7
Event: 10.981 Thread 0x00000000191be800 Uncommon trap: reason=unstable_if action=reinterpret pc=0x00000000038e46b0 method=sun.nio.cs.UTF_8$Decoder.decodeArrayLoop(Ljava/nio/ByteBuffer;Ljava/nio/CharBuffer;)Ljava/nio/charset/CoderResult; @ 84
Event: 10.995 Thread 0x00000000191be800 Uncommon trap: reason=unstable_if action=reinterpret pc=0x000000000299a6c0 method=java.lang.CharacterData.of(I)Ljava/lang/CharacterData; @ 4
Event: 11.152 Thread 0x00000000191be800 Uncommon trap: reason=unstable_if action=reinterpret pc=0x00000000032501a8 method=java.net.URI$Parser.scan(IILjava/lang/String;Ljava/lang/String;)I @ 23

Classes redefined (0 events):
No events

Internal exceptions (10 events):
Event: 10.698 Thread 0x00000000191be800 Exception <a 'java/lang/ClassNotFoundException': org/gradle/api/internal/artifacts/DefaultModuleVersionSelectorBeanInfo> (0x00000000e816b930) thrown at [D:\src\AOSP-openjdk-cygwin\jdk8u\hotspot\src\share\vm\classfile\systemDictionary.cpp, line 210]
Event: 10.698 Thread 0x00000000191be800 Exception <a 'java/lang/ClassNotFoundException': org/gradle/api/internal/artifacts/DefaultModuleVersionSelectorCustomizer> (0x00000000e8196da8) thrown at [D:\src\AOSP-openjdk-cygwin\jdk8u\hotspot\src\share\vm\classfile\systemDictionary.cpp, line 210]
Event: 10.706 Thread 0x00000000191be800 Exception <a 'java/lang/ClassNotFoundException': java/util/HashSetBeanInfo> (0x00000000e83f8550) thrown at [D:\src\AOSP-openjdk-cygwin\jdk8u\hotspot\src\share\vm\classfile\systemDictionary.cpp, line 210]
Event: 10.706 Thread 0x00000000191be800 Exception <a 'java/lang/ClassNotFoundException': java/util/AbstractSetBeanInfo> (0x00000000e8400920) thrown at [D:\src\AOSP-openjdk-cygwin\jdk8u\hotspot\src\share\vm\classfile\systemDictionary.cpp, line 210]
Event: 10.706 Thread 0x00000000191be800 Exception <a 'java/lang/ClassNotFoundException': java/util/AbstractSetCustomizer> (0x00000000e8408d20) thrown at [D:\src\AOSP-openjdk-cygwin\jdk8u\hotspot\src\share\vm\classfile\systemDictionary.cpp, line 210]
Event: 10.706 Thread 0x00000000191be800 Exception <a 'java/lang/ClassNotFoundException': java/util/HashSetCustomizer> (0x00000000e84161d0) thrown at [D:\src\AOSP-openjdk-cygwin\jdk8u\hotspot\src\share\vm\classfile\systemDictionary.cpp, line 210]
Event: 10.708 Thread 0x00000000191be800 Exception <a 'java/lang/ClassNotFoundException': com/google/gms/googleservices/GoogleServicesPlugin$VersionRangeBeanInfo> (0x00000000e845b868) thrown at [D:\src\AOSP-openjdk-cygwin\jdk8u\hotspot\src\share\vm\classfile\systemDictionary.cpp, line 210]
Event: 10.709 Thread 0x00000000191be800 Exception <a 'java/lang/ClassNotFoundException': com/google/gms/googleservices/GoogleServicesPlugin$VersionRangeCustomizer> (0x00000000e8475738) thrown at [D:\src\AOSP-openjdk-cygwin\jdk8u\hotspot\src\share\vm\classfile\systemDictionary.cpp, line 210]
Event: 10.723 Thread 0x00000000191be800 Implicit null exception at 0x0000000002e1fceb to 0x0000000002e2029d
Event: 10.929 Thread 0x00000000191be800 Implicit null exception at 0x00000000030ceb88 to 0x00000000030d0de9

Events (10 events):
Event: 11.426 loading class javax/crypto/KeyGeneratorSpi
Event: 11.426 loading class javax/crypto/KeyGeneratorSpi done
Event: 11.426 loading class java/security/DigestException
Event: 11.426 loading class java/security/DigestException done
Event: 11.426 loading class com/sun/crypto/provider/TlsPrfGenerator
Event: 11.426 loading class com/sun/crypto/provider/TlsPrfGenerator done
Event: 11.427 loading class com/sun/crypto/provider/TlsMasterSecretGenerator$TlsMasterSecretKey
Event: 11.427 loading class com/sun/crypto/provider/TlsMasterSecretGenerator$TlsMasterSecretKey done
Event: 11.427 loading class sun/security/internal/interfaces/TlsMasterSecret
Event: 11.427 loading class sun/security/internal/interfaces/TlsMasterSecret done


Dynamic libraries:
0x00007ff64f010000 - 0x00007ff64f041000 	C:\Program Files\Android\Android Studio\jre\bin\java.exe
0x00007ffea4e90000 - 0x00007ffea503d000 	C:\Windows\SYSTEM32\ntdll.dll
0x00007ffea2630000 - 0x00007ffea276e000 	C:\Windows\system32\KERNEL32.DLL
0x00007ffea23f0000 - 0x00007ffea2506000 	C:\Windows\system32\KERNELBASE.dll
0x00007ffea4de0000 - 0x00007ffea4e8a000 	C:\Windows\system32\ADVAPI32.dll
0x00007ffea3e40000 - 0x00007ffea3fb7000 	C:\Windows\system32\USER32.dll
0x00007ffe9fef0000 - 0x00007ffea016b000 	C:\Windows\WinSxS\amd64_microsoft.windows.common-controls_6595b64144ccf1df_6.0.9600.18006_none_623f33d3ecbe86e8\COMCTL32.dll
0x00007ffea41a0000 - 0x00007ffea424a000 	C:\Windows\system32\msvcrt.dll
0x00007ffea4d00000 - 0x00007ffea4d59000 	C:\Windows\SYSTEM32\sechost.dll
0x00007ffea2770000 - 0x00007ffea28b0000 	C:\Windows\system32\RPCRT4.dll
0x00007ffea4bb0000 - 0x00007ffea4cfc000 	C:\Windows\system32\GDI32.dll
0x00007ffea20d0000 - 0x00007ffea20fe000 	C:\Windows\system32\SspiCli.dll
0x00007ffea2510000 - 0x00007ffea2546000 	C:\Windows\system32\IMM32.DLL
0x00007ffea48b0000 - 0x00007ffea4a01000 	C:\Windows\system32\MSCTF.dll
0x0000000062490000 - 0x0000000062562000 	C:\Program Files\Android\Android Studio\jre\jre\bin\msvcr100.dll
0x00000000625a0000 - 0x0000000062ddf000 	C:\Program Files\Android\Android Studio\jre\jre\bin\server\jvm.dll
0x00007ffe8d450000 - 0x00007ffe8d459000 	C:\Windows\SYSTEM32\WSOCK32.dll
0x00007ffe9f860000 - 0x00007ffe9f882000 	C:\Windows\SYSTEM32\WINMM.dll
0x00007ffe9f920000 - 0x00007ffe9f92a000 	C:\Windows\SYSTEM32\VERSION.dll
0x00007ffea48a0000 - 0x00007ffea48a7000 	C:\Windows\system32\PSAPI.DLL
0x00007ffea4d70000 - 0x00007ffea4dca000 	C:\Windows\system32\WS2_32.dll
0x00007ffe9f7f0000 - 0x00007ffe9f81a000 	C:\Windows\SYSTEM32\WINMMBASE.dll
0x00007ffea4d60000 - 0x00007ffea4d69000 	C:\Windows\system32\NSI.dll
0x00007ffea2080000 - 0x00007ffea20cf000 	C:\Windows\SYSTEM32\cfgmgr32.dll
0x00007ffea0dc0000 - 0x00007ffea0de8000 	C:\Windows\SYSTEM32\DEVOBJ.dll
0x00007ffe95380000 - 0x00007ffe9538f000 	C:\Program Files\Android\Android Studio\jre\jre\bin\verify.dll
0x00007ffe95350000 - 0x00007ffe95379000 	C:\Program Files\Android\Android Studio\jre\jre\bin\java.dll
0x00007ffe95330000 - 0x00007ffe95346000 	C:\Program Files\Android\Android Studio\jre\jre\bin\zip.dll
0x00007ffea2910000 - 0x00007ffea3e3b000 	C:\Windows\system32\SHELL32.dll
0x00007ffea4250000 - 0x00007ffea4462000 	C:\Windows\SYSTEM32\combase.dll
0x00007ffea2550000 - 0x00007ffea25a4000 	C:\Windows\system32\SHLWAPI.dll
0x00007ffea04f0000 - 0x00007ffea05a2000 	C:\Windows\SYSTEM32\SHCORE.dll
0x00007ffea1fb0000 - 0x00007ffea1fc5000 	C:\Windows\SYSTEM32\profapi.dll
0x00007ffe95310000 - 0x00007ffe9532a000 	C:\Program Files\Android\Android Studio\jre\jre\bin\net.dll
0x00007ffea1840000 - 0x00007ffea1899000 	C:\Windows\system32\mswsock.dll
0x00007ffe94e90000 - 0x00007ffe94ea1000 	C:\Program Files\Android\Android Studio\jre\jre\bin\nio.dll
0x00007ffe8c420000 - 0x00007ffe8c43e000 	C:\Users\Administrator\.gradle\native\25\windows-amd64\native-platform.dll
0x00007ffe94e60000 - 0x00007ffe94e6d000 	C:\Program Files\Android\Android Studio\jre\jre\bin\management.dll
0x00007ffea18a0000 - 0x00007ffea18c0000 	C:\Windows\SYSTEM32\CRYPTSP.dll
0x00007ffea14c0000 - 0x00007ffea14f6000 	C:\Windows\system32\rsaenh.dll
0x00007ffea1b10000 - 0x00007ffea1b36000 	C:\Windows\SYSTEM32\bcrypt.dll
0x00007ffea15d0000 - 0x00007ffea15f1000 	C:\Windows\SYSTEM32\USERENV.dll
0x00007ffea1e80000 - 0x00007ffea1ee3000 	C:\Windows\system32\bcryptprimitives.dll
0x00007ffea1ef0000 - 0x00007ffea1efb000 	C:\Windows\SYSTEM32\CRYPTBASE.dll
0x00007ffe9ec30000 - 0x00007ffe9ec5a000 	C:\Windows\SYSTEM32\IPHLPAPI.DLL
0x00007ffe9d130000 - 0x00007ffe9d13a000 	C:\Windows\SYSTEM32\WINNSI.DLL
0x00007ffe9cf20000 - 0x00007ffe9cf36000 	C:\Windows\SYSTEM32\dhcpcsvc6.DLL
0x00007ffe9cf00000 - 0x00007ffe9cf1a000 	C:\Windows\SYSTEM32\dhcpcsvc.DLL
0x00007ffe906b0000 - 0x00007ffe906d4000 	C:\Program Files\Android\Android Studio\jre\jre\bin\sunec.dll
0x00007ffea1640000 - 0x00007ffea16e4000 	C:\Windows\SYSTEM32\DNSAPI.dll
0x00000000640d0000 - 0x00000000640f6000 	C:\Program Files\Bonjour\mdnsNSP.dll
0x00007ffe9f670000 - 0x00007ffe9f67a000 	C:\Windows\System32\rasadhlp.dll
0x00007ffe9cf40000 - 0x00007ffe9cfab000 	C:\Windows\System32\fwpuclnt.dll
0x00007ffe92a10000 - 0x00007ffe92a1b000 	C:\Program Files\Android\Android Studio\jre\jre\bin\sunmscapi.dll
0x00007ffea21b0000 - 0x00007ffea238f000 	C:\Windows\system32\CRYPT32.dll
0x00007ffea2060000 - 0x00007ffea2071000 	C:\Windows\system32\MSASN1.dll

VM Arguments:
jvm_args: -Xmx1536m -Dfile.encoding=windows-1253 -Duser.country=US -Duser.language=en -Duser.variant 
java_command: org.gradle.launcher.daemon.bootstrap.GradleDaemon 4.4
java_class_path (initial): C:\Users\Administrator\.gradle\wrapper\dists\gradle-4.4-all\9br9xq1tocpiv8o6njlyu5op1\gradle-4.4\lib\gradle-launcher-4.4.jar
Launcher Type: SUN_STANDARD

Environment Variables:
PATH=C:\Python27\;C:\Python27\Scripts;C:\ProgramData\Boxstarter;C:\ProgramData\Oracle\Java\javapath;C:\Windows\system32;C:\Windows;C:\Windows\System32\Wbem;C:\Windows\System32\WindowsPowerShell\v1.0\;C:\Program Files\Git\cmd;C:\Program Files\Java\jdk1.8.0_144\bin;C:\Program Files\nodejs\;C:\ProgramData\chocolatey\bin;C:\Users\Administrator\AppData\Local\Programs\Python\Python36\Scripts\;C:\Users\Administrator\AppData\Local\Programs\Python\Python36\;C:\Users\Administrator\AppData\Roaming\npm
USERNAME=Administrator
OS=Windows_NT
PROCESSOR_IDENTIFIER=Intel64 Family 6 Model 60 Stepping 3, GenuineIntel



---------------  S Y S T E M  ---------------

OS: Windows 8.1 , 64 bit Build 9600 (6.3.9600.17415)

CPU:total 4 (initial active 4) (4 cores per cpu, 1 threads per core) family 6 model 60 stepping 3, cmov, cx8, fxsr, mmx, sse, sse2, sse3, ssse3, sse4.1, sse4.2, popcnt, avx, avx2, aes, clmul, erms, rtm, lzcnt, tsc, tscinvbit, bmi1, bmi2

Memory: 4k page, physical 8325060k(1316588k free), swap 11470788k(6860k free)

vm_info: OpenJDK 64-Bit Server VM (25.152-b02) for windows-amd64 JRE (1.8.0_152-release-1024-b02), built by "builder" with MS VC++ 10.0 (VS2010)

time: Fri Feb 22 19:52:45 2019
elapsed time: 11 seconds (0d 0h 0m 11s)

